Using pre-set license
Built from '2022.3/staging' branch; Version is '2022.3.24f1 (334eb2a0b267) revision 3362482'; Using compiler version '192829333'; Build Type 'Release'
OS: 'Windows 11  (10.0.22631) 64bit ProfessionalEducation' Language: 'en' Physical Memory: 32418 MB
BatchMode: 1, IsHumanControllingUs: 0, StartBugReporterOnCrash: 0, Is64bit: 1, IsPro: 1

COMMAND LINE ARGUMENTS:
C:\Program Files\Unity\Hub\Editor\2022.3.24f1\Editor\Unity.exe
-adb2
-batchMode
-noUpm
-name
AssetImportWorker16
-projectPath
C:/Users/j2fxs/Documents/PDFv3
-logFile
Logs/AssetImportWorker16.log
-srvPort
61720
Successfully changed project path to: C:/Users/j2fxs/Documents/PDFv3
C:/Users/j2fxs/Documents/PDFv3
[UnityMemory] Configuration Parameters - Can be set up in boot.config
    "memorysetup-bucket-allocator-granularity=16"
    "memorysetup-bucket-allocator-bucket-count=8"
    "memorysetup-bucket-allocator-block-size=33554432"
    "memorysetup-bucket-allocator-block-count=8"
    "memorysetup-main-allocator-block-size=16777216"
    "memorysetup-thread-allocator-block-size=16777216"
    "memorysetup-gfx-main-allocator-block-size=16777216"
    "memorysetup-gfx-thread-allocator-block-size=16777216"
    "memorysetup-cache-allocator-block-size=4194304"
    "memorysetup-typetree-allocator-block-size=2097152"
    "memorysetup-profiler-bucket-allocator-granularity=16"
    "memorysetup-profiler-bucket-allocator-bucket-count=8"
    "memorysetup-profiler-bucket-allocator-block-size=33554432"
    "memorysetup-profiler-bucket-allocator-block-count=8"
    "memorysetup-profiler-allocator-block-size=16777216"
    "memorysetup-profiler-editor-allocator-block-size=1048576"
    "memorysetup-temp-allocator-size-main=16777216"
    "memorysetup-job-temp-allocator-block-size=2097152"
    "memorysetup-job-temp-allocator-block-size-background=1048576"
    "memorysetup-job-temp-allocator-reduction-small-platforms=262144"
    "memorysetup-allocator-temp-initial-block-size-main=262144"
    "memorysetup-allocator-temp-initial-block-size-worker=262144"
    "memorysetup-temp-allocator-size-background-worker=32768"
    "memorysetup-temp-allocator-size-job-worker=262144"
    "memorysetup-temp-allocator-size-preload-manager=33554432"
    "memorysetup-temp-allocator-size-nav-mesh-worker=65536"
    "memorysetup-temp-allocator-size-audio-worker=65536"
    "memorysetup-temp-allocator-size-cloud-worker=32768"
    "memorysetup-temp-allocator-size-gi-baking-worker=262144"
    "memorysetup-temp-allocator-size-gfx=262144"
Player connection [42180] Host "[IP] 131.202.243.6 [Port] 0 [Flags] 2 [Guid] 1009835265 [EditorId] 1009835265 [Version] 1048832 [Id] WindowsEditor(7,Spectralm10) [Debug] 1 [PackageName] WindowsEditor [ProjectName] Editor" joined multi-casting on [225.0.0.222:54997]...

Player connection [42180] Host "[IP] 131.202.243.6 [Port] 0 [Flags] 2 [Guid] 1009835265 [EditorId] 1009835265 [Version] 1048832 [Id] WindowsEditor(7,Spectralm10) [Debug] 1 [PackageName] WindowsEditor [ProjectName] Editor" joined alternative multi-casting on [225.0.0.222:34997]...

[Physics::Module] Initialized MultithreadedJobDispatcher with 31 workers.
Refreshing native plugins compatible for Editor in 16.69 ms, found 18 plugins.
Preloading 1 native plugins for Editor in 0.93 ms.
Initialize engine version: 2022.3.24f1 (334eb2a0b267)
[Subsystems] Discovering subsystems at path C:/Program Files/Unity/Hub/Editor/2022.3.24f1/Editor/Data/Resources/UnitySubsystems
[Subsystems] Discovering subsystems at path C:/Users/j2fxs/Documents/PDFv3/Assets
GfxDevice: creating device client; threaded=0; jobified=0
Direct3D:
    Version:  Direct3D 11.0 [level 11.1]
    Renderer: NVIDIA GeForce RTX 3070 (ID=0x2488)
    Vendor:   NVIDIA
    VRAM:     8032 MB
    Driver:   31.0.15.4633
Initialize mono
Mono path[0] = 'C:/Program Files/Unity/Hub/Editor/2022.3.24f1/Editor/Data/Managed'
Mono path[1] = 'C:/Program Files/Unity/Hub/Editor/2022.3.24f1/Editor/Data/MonoBleedingEdge/lib/mono/unityjit-win32'
Mono config path = 'C:/Program Files/Unity/Hub/Editor/2022.3.24f1/Editor/Data/MonoBleedingEdge/etc'
Using monoOptions --debugger-agent=transport=dt_socket,embedding=1,server=y,suspend=n,address=127.0.0.1:56008
Begin MonoManager ReloadAssembly
Registering precompiled unity dll's ...
Register platform support module: C:/Program Files/Unity/Hub/Editor/2022.3.24f1/Editor/Data/PlaybackEngines/WebGLSupport/UnityEditor.WebGL.Extensions.dll
Register platform support module: C:/Program Files/Unity/Hub/Editor/2022.3.24f1/Editor/Data/PlaybackEngines/AndroidPlayer/UnityEditor.Android.Extensions.dll
Register platform support module: C:/Program Files/Unity/Hub/Editor/2022.3.24f1/Editor/Data/PlaybackEngines/WindowsStandaloneSupport/UnityEditor.WindowsStandalone.Extensions.dll
Register platform support module: C:/Program Files/Unity/Hub/Editor/2022.3.24f1/Editor/Data/PlaybackEngines/MetroSupport/UnityEditor.UWP.Extensions.dll
Registered in 0.006628 seconds.
- Loaded All Assemblies, in  0.206 seconds
Native extension for UWP target not found
Native extension for WindowsStandalone target not found
Native extension for Android target not found
Android Extension - Scanning For ADB Devices 161 ms
Native extension for WebGL target not found
Mono: successfully reloaded assembly
- Finished resetting the current domain, in  0.360 seconds
Domain Reload Profiling: 565ms
	BeginReloadAssembly (62ms)
		ExecutionOrderSort (0ms)
		DisableScriptedObjects (0ms)
		BackupInstance (0ms)
		ReleaseScriptingObjects (0ms)
		CreateAndSetChildDomain (0ms)
	RebuildCommonClasses (19ms)
	RebuildNativeTypeToScriptingClass (6ms)
	initialDomainReloadingComplete (35ms)
	LoadAllAssembliesAndSetupDomain (83ms)
		LoadAssemblies (61ms)
		RebuildTransferFunctionScriptingTraits (0ms)
		AnalyzeDomain (82ms)
			TypeCache.Refresh (81ms)
				TypeCache.ScanAssembly (73ms)
			ScanForSourceGeneratedMonoScriptInfo (0ms)
			ResolveRequiredComponents (0ms)
	FinalizeReload (360ms)
		ReleaseScriptCaches (0ms)
		RebuildScriptCaches (0ms)
		SetupLoadedEditorAssemblies (327ms)
			LogAssemblyErrors (0ms)
			InitializePlatformSupportModulesInManaged (231ms)
			SetLoadedEditorAssemblies (3ms)
			RefreshPlugins (0ms)
			BeforeProcessingInitializeOnLoad (1ms)
			ProcessInitializeOnLoadAttributes (64ms)
			ProcessInitializeOnLoadMethodAttributes (26ms)
			AfterProcessingInitializeOnLoad (0ms)
			EditorAssembliesLoaded (0ms)
		ExecutionOrderSort2 (0ms)
		AwakeInstancesAfterBackupRestoration (0ms)
========================================================================
Worker process is ready to serve import requests
Begin MonoManager ReloadAssembly
- Loaded All Assemblies, in  0.443 seconds
Refreshing native plugins compatible for Editor in 8.38 ms, found 18 plugins.
Native extension for UWP target not found
Native extension for WindowsStandalone target not found
Native extension for Android target not found
Native extension for WebGL target not found
Package Manager log level set to [2]
[Package Manager] Server::EnsureServerProcessIsRunning -- launch failed, reason: Unity was launched with the -noUpm command-line argument
[Package Manager] UpmClient::Send -- Unable to send message (not connected to UPM process).
[Package Manager] Cannot connect to Unity Package Manager local server
[Package Manager] Server::EnsureServerProcessIsRunning -- launch failed, reason: Unity was launched with the -noUpm command-line argument
[Package Manager] UpmClient::Send -- Unable to send message (not connected to UPM process).
[Package Manager] Cannot connect to Unity Package Manager local server
[XR] Error loading subsystem: Display (1) (header mismatch?)
[XR] [MROpenXR][Info   ][15:06:29.628794][tid:a4c4] OnPluginStarted UnityVersion=2022.3.24f1 OpenXRPluginVersion=1.10.0 MROpenXRPluginVersion=1.10.0.0 PartA_PrivTags=33554432
[XR] [MROpenXR][Info   ][15:06:29.628794][tid:a4c4] OnPluginStarted UnityVersion=2022.3.24f1 OpenXRPluginVersion=1.10.0 MROpenXRPluginVersion=1.10.0.0 PartA_PrivTags=33554432
Mono: successfully reloaded assembly
[Package Manager] Server::EnsureServerProcessIsRunning -- launch failed, reason: Unity was launched with the -noUpm command-line argument
[Package Manager] UpmClient::Send -- Unable to send message (not connected to UPM process).
[Package Manager] Cannot connect to Unity Package Manager local server
[Package Manager] Server::EnsureServerProcessIsRunning -- launch failed, reason: Unity was launched with the -noUpm command-line argument
[Package Manager] UpmClient::Send -- Unable to send message (not connected to UPM process).
[Package Manager] Cannot connect to Unity Package Manager local server
- Finished resetting the current domain, in  0.532 seconds
Domain Reload Profiling: 973ms
	BeginReloadAssembly (82ms)
		ExecutionOrderSort (0ms)
		DisableScriptedObjects (4ms)
		BackupInstance (0ms)
		ReleaseScriptingObjects (0ms)
		CreateAndSetChildDomain (13ms)
	RebuildCommonClasses (18ms)
	RebuildNativeTypeToScriptingClass (6ms)
	initialDomainReloadingComplete (23ms)
	LoadAllAssembliesAndSetupDomain (312ms)
		LoadAssemblies (216ms)
		RebuildTransferFunctionScriptingTraits (0ms)
		AnalyzeDomain (143ms)
			TypeCache.Refresh (117ms)
				TypeCache.ScanAssembly (104ms)
			ScanForSourceGeneratedMonoScriptInfo (17ms)
			ResolveRequiredComponents (7ms)
	FinalizeReload (532ms)
		ReleaseScriptCaches (0ms)
		RebuildScriptCaches (0ms)
		SetupLoadedEditorAssemblies (408ms)
			LogAssemblyErrors (0ms)
			InitializePlatformSupportModulesInManaged (15ms)
			SetLoadedEditorAssemblies (4ms)
			RefreshPlugins (0ms)
			BeforeProcessingInitializeOnLoad (92ms)
			ProcessInitializeOnLoadAttributes (251ms)
			ProcessInitializeOnLoadMethodAttributes (42ms)
			AfterProcessingInitializeOnLoad (3ms)
			EditorAssembliesLoaded (0ms)
		ExecutionOrderSort2 (0ms)
		AwakeInstancesAfterBackupRestoration (3ms)
Launched and connected shader compiler UnityShaderCompiler.exe after 0.02 seconds
Refreshing native plugins compatible for Editor in 8.04 ms, found 18 plugins.
Preloading 1 native plugins for Editor in 0.03 ms.
Unloading 5613 Unused Serialized files (Serialized files now loaded: 0)
Unloading 122 unused Assets / (1.3 MB). Loaded Objects now: 6088.
Memory consumption went from 204.7 MB to 203.5 MB.
Total: 3.114700 ms (FindLiveObjects: 0.239100 ms CreateObjectMapping: 0.089100 ms MarkObjects: 2.379100 ms  DeleteObjects: 0.405700 ms)

AssetImportParameters requested are different than current active one (requested -> active):
  custom:container-demuxer-ogg: 62fdf1f143b41e24485cea50d1cbac27 -> 
  custom:video-codec-MediaFoundation-h265: 746d11721c4dcdbdad8f713fa42b33f4 -> 
  custom:video-decoder-ogg-theora: a1e56fd34408186e4bbccfd4996cb3dc -> 
  custom:framework-win-MediaFoundation: 216162199b28c13a410421893ffa2e32 -> 
  custom:CustomObjectIndexerAttribute: 9a22284fe3817be447336de3de66b15e -> 
  custom:container-demuxer-webm: 4f35f7cbe854078d1ac9338744f61a02 -> 
  custom:container-muxer-webm: aa71ff27fc2769a1b78a27578f13a17b -> 
  custom:video-decoder-webm-vp8: 9c59270c3fd7afecdb556c50c9e8de78 -> 
  custom:SearchIndexIgnoredProperties: e643bd26f0fe6173181afceb89e7c659 -> 
  custom:AudioImporter_EditorPlatform: d09bf68614088b80899f8185d706f6e7 -> 
  custom:video-encoder-webm-vp8: eb34c28f22e8b96e1ab97ce403110664 -> 
  custom:audio-decoder-ogg-vorbis: bf7c407c2cedff20999df2af8eb42d56 -> 
  custom:audio-encoder-webm-vorbis: bf7c407c2cedff20999df2af8eb42d56 -> 
========================================================================
Received Import Request.
  Time since last request: 506184.733086 seconds.
  path: Packages/com.unity.inputsystem/InputSystem/Editor/AssetEditor/Resources/personal/actionTreeBackground.png
  artifactKey: Guid(ce5f11cd993284c4f9c54f854bdc8c9c) Importer(815301076,1909f56bfc062723c751e8b465ee728b)
Start importing Packages/com.unity.inputsystem/InputSystem/Editor/AssetEditor/Resources/personal/actionTreeBackground.png using Guid(ce5f11cd993284c4f9c54f854bdc8c9c) Importer(815301076,1909f56bfc062723c751e8b465ee728b)  -> (artifact id: 'bd3b1a7f0f34ebdefc27ed5b843146e3') in 0.060346 seconds
Number of updated asset objects reloaded before import = 0
Number of asset objects unloaded after import = 2
========================================================================
Received Import Request.
  Time since last request: 0.000017 seconds.
  path: Packages/org.mixedrealitytoolkit.uxcomponents/Keyboard/NativeKeyboard/Materials/KeyboardPreviewBackPlate.mat
  artifactKey: Guid(b199232c3d128304098ba681ea5b36f5) Importer(815301076,1909f56bfc062723c751e8b465ee728b)
Start importing Packages/org.mixedrealitytoolkit.uxcomponents/Keyboard/NativeKeyboard/Materials/KeyboardPreviewBackPlate.mat using Guid(b199232c3d128304098ba681ea5b36f5) Importer(815301076,1909f56bfc062723c751e8b465ee728b)  -> (artifact id: '4d23a26d366477b64f3463d4936ff2ee') in 0.167675 seconds
Number of updated asset objects reloaded before import = 0
Number of asset objects unloaded after import = 1
========================================================================
Received Import Request.
  Time since last request: 0.000018 seconds.
  path: Packages/org.mixedrealitytoolkit.standardassets/Materials/Backplate/CanvasBackplate.mat
  artifactKey: Guid(65972ebbfd5c529479f9c30fd3ec3f6a) Importer(815301076,1909f56bfc062723c751e8b465ee728b)
Start importing Packages/org.mixedrealitytoolkit.standardassets/Materials/Backplate/CanvasBackplate.mat using Guid(65972ebbfd5c529479f9c30fd3ec3f6a) Importer(815301076,1909f56bfc062723c751e8b465ee728b)  -> (artifact id: 'cc04519e770c996c1ad850e76b64e095') in 0.037650 seconds
Number of updated asset objects reloaded before import = 0
Number of asset objects unloaded after import = 2
========================================================================
Received Import Request.
  Time since last request: 0.000026 seconds.
  path: Packages/org.mixedrealitytoolkit.standardassets/Materials/BackPlate_Holographic_White_192x126.mat
  artifactKey: Guid(9bc0e14e549995144b112f3a5e4d621e) Importer(815301076,1909f56bfc062723c751e8b465ee728b)
Start importing Packages/org.mixedrealitytoolkit.standardassets/Materials/BackPlate_Holographic_White_192x126.mat using Guid(9bc0e14e549995144b112f3a5e4d621e) Importer(815301076,1909f56bfc062723c751e8b465ee728b)  -> (artifact id: '047f535c61d26d48e5cbe74423bc0642') in 0.104712 seconds
Number of updated asset objects reloaded before import = 0
Number of asset objects unloaded after import = 1
========================================================================
Received Import Request.
  Time since last request: 0.000013 seconds.
  path: Packages/org.mixedrealitytoolkit.standardassets/Materials/CompressedButtonMaterial/MRTK_ButtonBackplateHighlightGlow_32mm.mat
  artifactKey: Guid(047b59022c583b040ae4a202e758bb81) Importer(815301076,1909f56bfc062723c751e8b465ee728b)
Start importing Packages/org.mixedrealitytoolkit.standardassets/Materials/CompressedButtonMaterial/MRTK_ButtonBackplateHighlightGlow_32mm.mat using Guid(047b59022c583b040ae4a202e758bb81) Importer(815301076,1909f56bfc062723c751e8b465ee728b)  -> (artifact id: 'b2cefd5b1d64cca7aaf80c1e9332ec9a') in 0.015802 seconds
Number of updated asset objects reloaded before import = 0
Number of asset objects unloaded after import = 1
========================================================================
Received Import Request.
  Time since last request: 0.000015 seconds.
  path: Packages/org.mixedrealitytoolkit.standardassets/Textures/Status/Icon_BerightBack.png
  artifactKey: Guid(4e65aa2bb6c346eeb47e36409f5a2136) Importer(815301076,1909f56bfc062723c751e8b465ee728b)
Start importing Packages/org.mixedrealitytoolkit.standardassets/Textures/Status/Icon_BerightBack.png using Guid(4e65aa2bb6c346eeb47e36409f5a2136) Importer(815301076,1909f56bfc062723c751e8b465ee728b)  -> (artifact id: '01d76d257094f0f750f2ad96ea958c3b') in 0.013380 seconds
Number of updated asset objects reloaded before import = 0
Number of asset objects unloaded after import = 2
========================================================================
Received Import Request.
  Time since last request: 0.000017 seconds.
  path: Packages/com.microsoft.mrtk.graphicstools.unity/Runtime/Materials/CanvasBackplate.mat
  artifactKey: Guid(a522d7149601c2642b1b5daf4fd94c40) Importer(815301076,1909f56bfc062723c751e8b465ee728b)
Start importing Packages/com.microsoft.mrtk.graphicstools.unity/Runtime/Materials/CanvasBackplate.mat using Guid(a522d7149601c2642b1b5daf4fd94c40) Importer(815301076,1909f56bfc062723c751e8b465ee728b)  -> (artifact id: '6becc11a0e6d5f8a8e951b7510633c82') in 0.061465 seconds
Number of updated asset objects reloaded before import = 0
Number of asset objects unloaded after import = 3
========================================================================
Received Import Request.
  Time since last request: 0.000013 seconds.
  path: Packages/com.unity.xr.arfoundation/Assets/Textures/DialogBackground@4x.png
  artifactKey: Guid(52a208bb46e934bb5aba0a4973595f80) Importer(815301076,1909f56bfc062723c751e8b465ee728b)
Start importing Packages/com.unity.xr.arfoundation/Assets/Textures/DialogBackground@4x.png using Guid(52a208bb46e934bb5aba0a4973595f80) Importer(815301076,1909f56bfc062723c751e8b465ee728b)  -> (artifact id: '960d66ce82ce3a1f17c454dcf627d048') in 0.019288 seconds
Number of updated asset objects reloaded before import = 0
Number of asset objects unloaded after import = 3
========================================================================
Received Import Request.
  Time since last request: 0.000021 seconds.
  path: Packages/org.mixedrealitytoolkit.standardassets/Materials/CompressedButtonMaterial/MRTK_Backplate_QuadGlow_HoloLens2.mat
  artifactKey: Guid(f2c7fce4cc061e041b90ea33990e0834) Importer(815301076,1909f56bfc062723c751e8b465ee728b)
Start importing Packages/org.mixedrealitytoolkit.standardassets/Materials/CompressedButtonMaterial/MRTK_Backplate_QuadGlow_HoloLens2.mat using Guid(f2c7fce4cc061e041b90ea33990e0834) Importer(815301076,1909f56bfc062723c751e8b465ee728b)  -> (artifact id: 'e9b7427d82a131e91fdcb04e23883fbf') in 0.019147 seconds
Number of updated asset objects reloaded before import = 0
Number of asset objects unloaded after import = 1
========================================================================
Received Import Request.
  Time since last request: 0.000028 seconds.
  path: Packages/org.mixedrealitytoolkit.standardassets/Materials/CompressedButtonMaterial/MRTK_Backplate_InnerQuad.mat
  artifactKey: Guid(b6fc4d81476b92c48b877aa508764bb7) Importer(815301076,1909f56bfc062723c751e8b465ee728b)
Start importing Packages/org.mixedrealitytoolkit.standardassets/Materials/CompressedButtonMaterial/MRTK_Backplate_InnerQuad.mat using Guid(b6fc4d81476b92c48b877aa508764bb7) Importer(815301076,1909f56bfc062723c751e8b465ee728b)  -> (artifact id: 'f23f35d961cbc1d65b5c91c849e4f541') in 0.057378 seconds
Number of updated asset objects reloaded before import = 0
Number of asset objects unloaded after import = 1
========================================================================
Received Import Request.
  Time since last request: 0.000012 seconds.
  path: Assets/TextMesh Pro/Resources/Fonts & Materials/LiberationSans SDF - Fallback.asset
  artifactKey: Guid(2e498d1c8094910479dc3e1b768306a4) Importer(815301076,1909f56bfc062723c751e8b465ee728b)
Start importing Assets/TextMesh Pro/Resources/Fonts & Materials/LiberationSans SDF - Fallback.asset using Guid(2e498d1c8094910479dc3e1b768306a4) Importer(815301076,1909f56bfc062723c751e8b465ee728b)  -> (artifact id: '19995e0deb6bb6d3a8a7c291b0a7e453') in 0.025777 seconds
Number of updated asset objects reloaded before import = 0
Number of asset objects unloaded after import = 6
========================================================================
Received Import Request.
  Time since last request: 0.000026 seconds.
  path: Packages/org.mixedrealitytoolkit.standardassets/Textures/BackplateIridescence.png
  artifactKey: Guid(1c53ac3264b9f9b478ba62ee57b2f159) Importer(815301076,1909f56bfc062723c751e8b465ee728b)
Start importing Packages/org.mixedrealitytoolkit.standardassets/Textures/BackplateIridescence.png using Guid(1c53ac3264b9f9b478ba62ee57b2f159) Importer(815301076,1909f56bfc062723c751e8b465ee728b)  -> (artifact id: 'affa440385836fafd450de260f4c327c') in 0.011011 seconds
Number of updated asset objects reloaded before import = 0
Number of asset objects unloaded after import = 2
========================================================================
Received Import Request.
  Time since last request: 0.000015 seconds.
  path: Packages/com.unity.xr.arfoundation/Assets/Textures/SlideToggleBackground@4x.png
  artifactKey: Guid(c5ef8db4d37ba4c0fb5e17dbb0e044ba) Importer(815301076,1909f56bfc062723c751e8b465ee728b)
Start importing Packages/com.unity.xr.arfoundation/Assets/Textures/SlideToggleBackground@4x.png using Guid(c5ef8db4d37ba4c0fb5e17dbb0e044ba) Importer(815301076,1909f56bfc062723c751e8b465ee728b)  -> (artifact id: '89dae51b9b97bebc064dc9556fcbd501') in 0.011330 seconds
Number of updated asset objects reloaded before import = 0
Number of asset objects unloaded after import = 3
========================================================================
Received Import Request.
  Time since last request: 0.000016 seconds.
  path: Packages/org.mixedrealitytoolkit.extendedassets/Models/astronaut_01.fbx
  artifactKey: Guid(38dfcb0673f74074c9277af420d361b8) Importer(815301076,1909f56bfc062723c751e8b465ee728b)
Start importing Packages/org.mixedrealitytoolkit.extendedassets/Models/astronaut_01.fbx using Guid(38dfcb0673f74074c9277af420d361b8) Importer(815301076,1909f56bfc062723c751e8b465ee728b)  -> (artifact id: '652c13244758e89f4cbbbc83d9e7e98e') in 0.128269 seconds
Number of updated asset objects reloaded before import = 0
Number of asset objects unloaded after import = 61
========================================================================
Received Import Request.
  Time since last request: 0.000022 seconds.
  path: Packages/org.mixedrealitytoolkit.uxcomponents.noncanvas/Slates/UIBackplate.prefab
  artifactKey: Guid(c2f49d0d909d3fc4bbc20d1cb743ab1d) Importer(815301076,1909f56bfc062723c751e8b465ee728b)
Start importing Packages/org.mixedrealitytoolkit.uxcomponents.noncanvas/Slates/UIBackplate.prefab using Guid(c2f49d0d909d3fc4bbc20d1cb743ab1d) Importer(815301076,1909f56bfc062723c751e8b465ee728b)  -> (artifact id: '2da195c260068a67d823a3f21d64ea40') in 0.026341 seconds
Number of updated asset objects reloaded before import = 0
Number of asset objects unloaded after import = 13
========================================================================
Received Import Request.
  Time since last request: 0.000019 seconds.
  path: Packages/org.mixedrealitytoolkit.standardassets/Materials/CompressedButtonMaterial/MRTK_ButtonBackplateHighlightGlow_32mm_Circular.mat
  artifactKey: Guid(9bbf915647f6de74ca3799bd504483b4) Importer(815301076,1909f56bfc062723c751e8b465ee728b)
Start importing Packages/org.mixedrealitytoolkit.standardassets/Materials/CompressedButtonMaterial/MRTK_ButtonBackplateHighlightGlow_32mm_Circular.mat using Guid(9bbf915647f6de74ca3799bd504483b4) Importer(815301076,1909f56bfc062723c751e8b465ee728b)  -> (artifact id: '11b00b398506b0e8625fe2c4c3ebc190') in 0.005521 seconds
Number of updated asset objects reloaded before import = 0
Number of asset objects unloaded after import = 1
========================================================================
Received Import Request.
  Time since last request: 0.000013 seconds.
  path: Packages/com.unity.inputsystem/InputSystem/Editor/AssetEditor/Resources/personal/propertiesBackground.png
  artifactKey: Guid(aa4c2360f910d46f497f75b4b6677358) Importer(815301076,1909f56bfc062723c751e8b465ee728b)
Start importing Packages/com.unity.inputsystem/InputSystem/Editor/AssetEditor/Resources/personal/propertiesBackground.png using Guid(aa4c2360f910d46f497f75b4b6677358) Importer(815301076,1909f56bfc062723c751e8b465ee728b)  -> (artifact id: 'd0834f3201543f31800fe41ecdc16b08') in 0.004410 seconds
Number of updated asset objects reloaded before import = 0
Number of asset objects unloaded after import = 2
========================================================================
Received Import Request.
  Time since last request: 0.000022 seconds.
  path: Packages/com.unity.inputsystem/InputSystem/Editor/AssetEditor/Resources/personal/foldoutBackground.png
  artifactKey: Guid(5ab69704aa4984b49bc426da72fabbed) Importer(815301076,1909f56bfc062723c751e8b465ee728b)
Start importing Packages/com.unity.inputsystem/InputSystem/Editor/AssetEditor/Resources/personal/foldoutBackground.png using Guid(5ab69704aa4984b49bc426da72fabbed) Importer(815301076,1909f56bfc062723c751e8b465ee728b)  -> (artifact id: '71b340a255e0c50aef18ebfa3216efc7') in 0.007796 seconds
Number of updated asset objects reloaded before import = 0
Number of asset objects unloaded after import = 2
========================================================================
Received Import Request.
  Time since last request: 0.000014 seconds.
  path: Packages/org.mixedrealitytoolkit.standardassets/Materials/CompressedButtonMaterial/MRTK_Backplate_InnerQuad_HoloLens2.mat
  artifactKey: Guid(8d221c9d6a17a6a40908f2cf1d67cdc5) Importer(815301076,1909f56bfc062723c751e8b465ee728b)
Start importing Packages/org.mixedrealitytoolkit.standardassets/Materials/CompressedButtonMaterial/MRTK_Backplate_InnerQuad_HoloLens2.mat using Guid(8d221c9d6a17a6a40908f2cf1d67cdc5) Importer(815301076,1909f56bfc062723c751e8b465ee728b)  -> (artifact id: '9c27050057fee311685d445c6d1a2546') in 0.053587 seconds
Number of updated asset objects reloaded before import = 0
Number of asset objects unloaded after import = 1
========================================================================
Received Import Request.
  Time since last request: 0.000013 seconds.
  path: Packages/org.mixedrealitytoolkit.uxcomponents/ButtonBar/CanvasButtonBar_SharedBackplate.prefab
  artifactKey: Guid(61b1d2477609bc34297ebc4689fffbe8) Importer(815301076,1909f56bfc062723c751e8b465ee728b)
Start importing Packages/org.mixedrealitytoolkit.uxcomponents/ButtonBar/CanvasButtonBar_SharedBackplate.prefab using Guid(61b1d2477609bc34297ebc4689fffbe8) Importer(815301076,1909f56bfc062723c751e8b465ee728b)  -> (artifact id: '2508ab4bd9a703341799438ceb4fc487') in 0.124316 seconds
Number of updated asset objects reloaded before import = 0
Number of asset objects unloaded after import = 371
========================================================================
Received Import Request.
  Time since last request: 0.000024 seconds.
  path: Packages/com.unity.xr.arfoundation/Assets/Textures/IconBackgroundCircleFill@2x.png
  artifactKey: Guid(6c411504a8c1e40c4aa19423033e6dd2) Importer(815301076,1909f56bfc062723c751e8b465ee728b)
Start importing Packages/com.unity.xr.arfoundation/Assets/Textures/IconBackgroundCircleFill@2x.png using Guid(6c411504a8c1e40c4aa19423033e6dd2) Importer(815301076,1909f56bfc062723c751e8b465ee728b)  -> (artifact id: '7abc876d2863d6a87bef3fd35b65dd58') in 0.014698 seconds
Number of updated asset objects reloaded before import = 0
Number of asset objects unloaded after import = 3
========================================================================
Received Import Request.
  Time since last request: 0.000030 seconds.
  path: Packages/org.mixedrealitytoolkit.standardassets/Materials/Backplate/MagicWindowBackplate_190x62.mat
  artifactKey: Guid(5594b2602bcb00244b29e7ae9694641f) Importer(815301076,1909f56bfc062723c751e8b465ee728b)
Start importing Packages/org.mixedrealitytoolkit.standardassets/Materials/Backplate/MagicWindowBackplate_190x62.mat using Guid(5594b2602bcb00244b29e7ae9694641f) Importer(815301076,1909f56bfc062723c751e8b465ee728b)  -> (artifact id: '44d589750b44ad0c292b79683c4501b8') in 0.037645 seconds
Number of updated asset objects reloaded before import = 0
Number of asset objects unloaded after import = 2
========================================================================
Received Import Request.
  Time since last request: 0.000040 seconds.
  path: Packages/org.mixedrealitytoolkit.extendedassets/Models/LunarModule.fbx
  artifactKey: Guid(60260aaff9ed8764d9aad59253d848f7) Importer(815301076,1909f56bfc062723c751e8b465ee728b)
Start importing Packages/org.mixedrealitytoolkit.extendedassets/Models/LunarModule.fbx using Guid(60260aaff9ed8764d9aad59253d848f7) Importer(815301076,1909f56bfc062723c751e8b465ee728b)  -> (artifact id: '54071c0135cf51171c855295a2064219') in 0.190439 seconds
Number of updated asset objects reloaded before import = 0
Number of asset objects unloaded after import = 116
========================================================================
Received Import Request.
  Time since last request: 0.000016 seconds.
  path: Packages/com.unity.inputsystem/InputSystem/Editor/AssetEditor/Resources/personal/actionTreeBackgroundWithoutBorder.png
  artifactKey: Guid(cf632ed80bf1f46c980de6b1b8b903ef) Importer(815301076,1909f56bfc062723c751e8b465ee728b)
Start importing Packages/com.unity.inputsystem/InputSystem/Editor/AssetEditor/Resources/personal/actionTreeBackgroundWithoutBorder.png using Guid(cf632ed80bf1f46c980de6b1b8b903ef) Importer(815301076,1909f56bfc062723c751e8b465ee728b)  -> (artifact id: '57be2d93c77b00d135b7548effe848b2') in 0.009339 seconds
Number of updated asset objects reloaded before import = 0
Number of asset objects unloaded after import = 2
========================================================================
Received Import Request.
  Time since last request: 0.000013 seconds.
  path: Packages/org.mixedrealitytoolkit.uxcomponents/Keyboard/NativeKeyboard/Materials/KeyboardPreviewButtonBackPlate.mat
  artifactKey: Guid(cf1d8ebf6c1ad86479b92a86bc4ca6e0) Importer(815301076,1909f56bfc062723c751e8b465ee728b)
Start importing Packages/org.mixedrealitytoolkit.uxcomponents/Keyboard/NativeKeyboard/Materials/KeyboardPreviewButtonBackPlate.mat using Guid(cf1d8ebf6c1ad86479b92a86bc4ca6e0) Importer(815301076,1909f56bfc062723c751e8b465ee728b)  -> (artifact id: '6384b177c29ccbaacfb8f591f66f13d1') in 0.009700 seconds
Number of updated asset objects reloaded before import = 0
Number of asset objects unloaded after import = 1
========================================================================
Received Import Request.
  Time since last request: 0.000017 seconds.
  path: Packages/org.mixedrealitytoolkit.standardassets/Materials/Contacts/BackPlate_blue1_24x24_circle.mat
  artifactKey: Guid(8a4c7613519d30a40b810ca48f3bb9e2) Importer(815301076,1909f56bfc062723c751e8b465ee728b)
Start importing Packages/org.mixedrealitytoolkit.standardassets/Materials/Contacts/BackPlate_blue1_24x24_circle.mat using Guid(8a4c7613519d30a40b810ca48f3bb9e2) Importer(815301076,1909f56bfc062723c751e8b465ee728b)  -> (artifact id: 'a39fe4f91bf8cc1f8655b95f78e7627e') in 0.010883 seconds
Number of updated asset objects reloaded before import = 0
Number of asset objects unloaded after import = 1
========================================================================
Received Import Request.
  Time since last request: 0.000023 seconds.
  path: Packages/com.unity.inputsystem/InputSystem/Editor/AssetEditor/Resources/pro/actionTreeBackgroundWithoutBorder.png
  artifactKey: Guid(943deaaee9c9347e0a455aa208526c42) Importer(815301076,1909f56bfc062723c751e8b465ee728b)
Start importing Packages/com.unity.inputsystem/InputSystem/Editor/AssetEditor/Resources/pro/actionTreeBackgroundWithoutBorder.png using Guid(943deaaee9c9347e0a455aa208526c42) Importer(815301076,1909f56bfc062723c751e8b465ee728b)  -> (artifact id: '438a51dc45a9f784ea80ab35a552f0e6') in 0.009334 seconds
Number of updated asset objects reloaded before import = 0
Number of asset objects unloaded after import = 2
========================================================================
Received Import Request.
  Time since last request: 0.000016 seconds.
  path: Packages/org.mixedrealitytoolkit.standardassets/Materials/CompressedButtonMaterial/MRTK_ButtonBackplateHighlightGlow_32mm_HoloLens2.mat
  artifactKey: Guid(e161049134a4b074b98ea8dd1492b095) Importer(815301076,1909f56bfc062723c751e8b465ee728b)
Start importing Packages/org.mixedrealitytoolkit.standardassets/Materials/CompressedButtonMaterial/MRTK_ButtonBackplateHighlightGlow_32mm_HoloLens2.mat using Guid(e161049134a4b074b98ea8dd1492b095) Importer(815301076,1909f56bfc062723c751e8b465ee728b)  -> (artifact id: 'aa51f9d5b55a0d733afe96dac8f720dc') in 0.006587 seconds
Number of updated asset objects reloaded before import = 0
Number of asset objects unloaded after import = 1
========================================================================
Received Import Request.
  Time since last request: 0.000013 seconds.
  path: Packages/org.mixedrealitytoolkit.standardassets/Models/MRTK_UIBackplate.fbx
  artifactKey: Guid(fbc47027e54e49848fdfd6d5e20510e7) Importer(815301076,1909f56bfc062723c751e8b465ee728b)
Start importing Packages/org.mixedrealitytoolkit.standardassets/Models/MRTK_UIBackplate.fbx using Guid(fbc47027e54e49848fdfd6d5e20510e7) Importer(815301076,1909f56bfc062723c751e8b465ee728b)  -> (artifact id: 'ded46064a0cd5fcd6e25824a8d09d921') in 0.016862 seconds
Number of updated asset objects reloaded before import = 0
Number of asset objects unloaded after import = 8
========================================================================
Received Import Request.
  Time since last request: 0.000069 seconds.
  path: Packages/org.mixedrealitytoolkit.standardassets/Materials/Status/Status_BeRightBack.mat
  artifactKey: Guid(c536e94d12d7acd4a91ec7b1568ed4e6) Importer(815301076,1909f56bfc062723c751e8b465ee728b)
Start importing Packages/org.mixedrealitytoolkit.standardassets/Materials/Status/Status_BeRightBack.mat using Guid(c536e94d12d7acd4a91ec7b1568ed4e6) Importer(815301076,1909f56bfc062723c751e8b465ee728b)  -> (artifact id: 'd05d8ace13e29fa38b5ed66b7d956d81') in 0.034276 seconds
Number of updated asset objects reloaded before import = 0
Number of asset objects unloaded after import = 2
========================================================================
Received Import Request.
  Time since last request: 38.373946 seconds.
  path: Packages/org.mixedrealitytoolkit.standardassets/Materials/MRTK_Standard_Black_Unlit.mat
  artifactKey: Guid(3940a7658692e0047aac8452e250f1d7) Importer(815301076,1909f56bfc062723c751e8b465ee728b)
Start importing Packages/org.mixedrealitytoolkit.standardassets/Materials/MRTK_Standard_Black_Unlit.mat using Guid(3940a7658692e0047aac8452e250f1d7) Importer(815301076,1909f56bfc062723c751e8b465ee728b)  -> (artifact id: '98ee5be1b059217731d4b6444c13fe35') in 0.125723 seconds
Number of updated asset objects reloaded before import = 0
Number of asset objects unloaded after import = 1
========================================================================
Received Import Request.
  Time since last request: 0.000016 seconds.
  path: Packages/org.mixedrealitytoolkit.standardassets/Materials/MRTK_Standard_TransparentCharcoal.mat
  artifactKey: Guid(a2b79cfb132e1124a9b6d8fc05d52077) Importer(815301076,1909f56bfc062723c751e8b465ee728b)
Start importing Packages/org.mixedrealitytoolkit.standardassets/Materials/MRTK_Standard_TransparentCharcoal.mat using Guid(a2b79cfb132e1124a9b6d8fc05d52077) Importer(815301076,1909f56bfc062723c751e8b465ee728b)  -> (artifact id: '78db48759ae9d1a0b4733005b9cc6a7d') in 0.025408 seconds
Number of updated asset objects reloaded before import = 0
Number of asset objects unloaded after import = 1
========================================================================
Received Import Request.
  Time since last request: 0.000021 seconds.
  path: Packages/org.mixedrealitytoolkit.standardassets/Materials/MRTK_Standard_TransparentGreen.mat
  artifactKey: Guid(2cbb7352bd5b9c645909238604e0463f) Importer(815301076,1909f56bfc062723c751e8b465ee728b)
Start importing Packages/org.mixedrealitytoolkit.standardassets/Materials/MRTK_Standard_TransparentGreen.mat using Guid(2cbb7352bd5b9c645909238604e0463f) Importer(815301076,1909f56bfc062723c751e8b465ee728b)  -> (artifact id: 'def9efa3f0c7c351c63a1ccd984bdd97') in 0.014334 seconds
Number of updated asset objects reloaded before import = 0
Number of asset objects unloaded after import = 1
========================================================================
Received Import Request.
  Time since last request: 0.000017 seconds.
  path: Packages/org.mixedrealitytoolkit.standardassets/Materials/MRTK_Standard_White.mat
  artifactKey: Guid(f62f188dc6a5f55458ac47e93b3951f4) Importer(815301076,1909f56bfc062723c751e8b465ee728b)
Start importing Packages/org.mixedrealitytoolkit.standardassets/Materials/MRTK_Standard_White.mat using Guid(f62f188dc6a5f55458ac47e93b3951f4) Importer(815301076,1909f56bfc062723c751e8b465ee728b)  -> (artifact id: '6e9ee7e1fb45741c9c3163391a896e5f') in 0.012170 seconds
Number of updated asset objects reloaded before import = 0
Number of asset objects unloaded after import = 1
========================================================================
Received Import Request.
  Time since last request: 0.000012 seconds.
  path: Packages/org.mixedrealitytoolkit.standardassets/Materials/TickMarks_SolidBlue_0380FD.mat
  artifactKey: Guid(0ccd3d83e321a1a4b92c246b005ee33b) Importer(815301076,1909f56bfc062723c751e8b465ee728b)
Start importing Packages/org.mixedrealitytoolkit.standardassets/Materials/TickMarks_SolidBlue_0380FD.mat using Guid(0ccd3d83e321a1a4b92c246b005ee33b) Importer(815301076,1909f56bfc062723c751e8b465ee728b)  -> (artifact id: '10a08f8a4fce2020593835561f7b126f') in 0.021947 seconds
Number of updated asset objects reloaded before import = 0
Number of asset objects unloaded after import = 1
========================================================================
Received Import Request.
  Time since last request: 0.000015 seconds.
  path: Packages/org.mixedrealitytoolkit.standardassets/Materials/ToggleVisuals_Backing_Blue.mat
  artifactKey: Guid(55d70a39c152f374bacfd3f11cd57a0c) Importer(815301076,1909f56bfc062723c751e8b465ee728b)
Start importing Packages/org.mixedrealitytoolkit.standardassets/Materials/ToggleVisuals_Backing_Blue.mat using Guid(55d70a39c152f374bacfd3f11cd57a0c) Importer(815301076,1909f56bfc062723c751e8b465ee728b)  -> (artifact id: 'ab23f9669c390dd6f7df20c674fac599') in 0.063795 seconds
Number of updated asset objects reloaded before import = 0
Number of asset objects unloaded after import = 2
========================================================================
Received Import Request.
  Time since last request: 0.000012 seconds.
  path: Packages/org.mixedrealitytoolkit.standardassets/Materials/MRTK_Standard_TransparentWhite.mat
  artifactKey: Guid(4d1ca21aa2c364b47ab91174d192f64d) Importer(815301076,1909f56bfc062723c751e8b465ee728b)
Start importing Packages/org.mixedrealitytoolkit.standardassets/Materials/MRTK_Standard_TransparentWhite.mat using Guid(4d1ca21aa2c364b47ab91174d192f64d) Importer(815301076,1909f56bfc062723c751e8b465ee728b)  -> (artifact id: 'b424bc6685e4f3765b27daf9ba4d0729') in 0.009872 seconds
Number of updated asset objects reloaded before import = 0
Number of asset objects unloaded after import = 1
========================================================================
Received Import Request.
  Time since last request: 0.000012 seconds.
  path: Packages/org.mixedrealitytoolkit.standardassets/Materials/MRTK_Standard_Purple.mat
  artifactKey: Guid(ecf898134fc873c48b1263a093f12178) Importer(815301076,1909f56bfc062723c751e8b465ee728b)
Start importing Packages/org.mixedrealitytoolkit.standardassets/Materials/MRTK_Standard_Purple.mat using Guid(ecf898134fc873c48b1263a093f12178) Importer(815301076,1909f56bfc062723c751e8b465ee728b)  -> (artifact id: '52e464314677b50215858d02793cb497') in 0.012903 seconds
Number of updated asset objects reloaded before import = 0
Number of asset objects unloaded after import = 1
========================================================================
Received Import Request.
  Time since last request: 34.092012 seconds.
  path: Packages/org.mixedrealitytoolkit.standardassets/Models/thick_4x4.fbx
  artifactKey: Guid(350ca4e076aa4fbf9531e1a12bd1529e) Importer(815301076,1909f56bfc062723c751e8b465ee728b)
Start importing Packages/org.mixedrealitytoolkit.standardassets/Models/thick_4x4.fbx using Guid(350ca4e076aa4fbf9531e1a12bd1529e) Importer(815301076,1909f56bfc062723c751e8b465ee728b)  -> (artifact id: '346a515775df1d4c0895653200ea682e') in 0.018547 seconds
Number of updated asset objects reloaded before import = 0
Number of asset objects unloaded after import = 8
========================================================================
Received Import Request.
  Time since last request: 0.000013 seconds.
  path: Packages/org.mixedrealitytoolkit.standardassets/Models/thick_6x6.fbx
  artifactKey: Guid(05123a8b693b9134d8918ad90d864c0b) Importer(815301076,1909f56bfc062723c751e8b465ee728b)
Start importing Packages/org.mixedrealitytoolkit.standardassets/Models/thick_6x6.fbx using Guid(05123a8b693b9134d8918ad90d864c0b) Importer(815301076,1909f56bfc062723c751e8b465ee728b)  -> (artifact id: 'd66b5574bbbad1cef388a701a9027030') in 0.012993 seconds
Number of updated asset objects reloaded before import = 0
Number of asset objects unloaded after import = 7
========================================================================
Received Import Request.
  Time since last request: 0.000016 seconds.
  path: Packages/org.mixedrealitytoolkit.standardassets/Models/thick_8x4.fbx
  artifactKey: Guid(5d1a0e539954477d8f80559f6385c0d1) Importer(815301076,1909f56bfc062723c751e8b465ee728b)
Start importing Packages/org.mixedrealitytoolkit.standardassets/Models/thick_8x4.fbx using Guid(5d1a0e539954477d8f80559f6385c0d1) Importer(815301076,1909f56bfc062723c751e8b465ee728b)  -> (artifact id: '88d8ea482a431a619c6b52c1ba470091') in 0.014861 seconds
Number of updated asset objects reloaded before import = 0
Number of asset objects unloaded after import = 8
Editor requested this worker to shutdown with reason: Scaling down because of idle timeout
TcpMessagingSession - receive error: operation aborted. errorcode: 995, details: The I/O operation has been aborted because of either a thread exit or an application request.
AssetImportWorker is now disconnected from the server
Process exiting
Exiting without the bug reporter. Application will terminate with return code 0