Using pre-set license
Built from '2022.3/staging' branch; Version is '2022.3.24f1 (334eb2a0b267) revision 3362482'; Using compiler version '192829333'; Build Type 'Release'
OS: 'Windows 11  (10.0.22631) 64bit ProfessionalEducation' Language: 'en' Physical Memory: 32418 MB
BatchMode: 1, IsHumanControllingUs: 0, StartBugReporterOnCrash: 0, Is64bit: 1, IsPro: 1

COMMAND LINE ARGUMENTS:
C:\Program Files\Unity\Hub\Editor\2022.3.24f1\Editor\Unity.exe
-adb2
-batchMode
-noUpm
-name
AssetImportWorker0
-projectPath
C:/Users/j2fxs/Documents/PDFv3
-logFile
Logs/AssetImportWorker0.log
-srvPort
61720
Successfully changed project path to: C:/Users/j2fxs/Documents/PDFv3
C:/Users/j2fxs/Documents/PDFv3
[UnityMemory] Configuration Parameters - Can be set up in boot.config
    "memorysetup-bucket-allocator-granularity=16"
    "memorysetup-bucket-allocator-bucket-count=8"
    "memorysetup-bucket-allocator-block-size=33554432"
    "memorysetup-bucket-allocator-block-count=8"
    "memorysetup-main-allocator-block-size=16777216"
    "memorysetup-thread-allocator-block-size=16777216"
    "memorysetup-gfx-main-allocator-block-size=16777216"
    "memorysetup-gfx-thread-allocator-block-size=16777216"
    "memorysetup-cache-allocator-block-size=4194304"
    "memorysetup-typetree-allocator-block-size=2097152"
    "memorysetup-profiler-bucket-allocator-granularity=16"
    "memorysetup-profiler-bucket-allocator-bucket-count=8"
    "memorysetup-profiler-bucket-allocator-block-size=33554432"
    "memorysetup-profiler-bucket-allocator-block-count=8"
    "memorysetup-profiler-allocator-block-size=16777216"
    "memorysetup-profiler-editor-allocator-block-size=1048576"
    "memorysetup-temp-allocator-size-main=16777216"
    "memorysetup-job-temp-allocator-block-size=2097152"
    "memorysetup-job-temp-allocator-block-size-background=1048576"
    "memorysetup-job-temp-allocator-reduction-small-platforms=262144"
    "memorysetup-allocator-temp-initial-block-size-main=262144"
    "memorysetup-allocator-temp-initial-block-size-worker=262144"
    "memorysetup-temp-allocator-size-background-worker=32768"
    "memorysetup-temp-allocator-size-job-worker=262144"
    "memorysetup-temp-allocator-size-preload-manager=33554432"
    "memorysetup-temp-allocator-size-nav-mesh-worker=65536"
    "memorysetup-temp-allocator-size-audio-worker=65536"
    "memorysetup-temp-allocator-size-cloud-worker=32768"
    "memorysetup-temp-allocator-size-gi-baking-worker=262144"
    "memorysetup-temp-allocator-size-gfx=262144"
Player connection [45920] Host "[IP] 131.202.243.6 [Port] 0 [Flags] 2 [Guid] 3314657330 [EditorId] 3314657330 [Version] 1048832 [Id] WindowsEditor(7,Spectralm10) [Debug] 1 [PackageName] WindowsEditor [ProjectName] Editor" joined multi-casting on [225.0.0.222:54997]...

Player connection [45920] Host "[IP] 131.202.243.6 [Port] 0 [Flags] 2 [Guid] 3314657330 [EditorId] 3314657330 [Version] 1048832 [Id] WindowsEditor(7,Spectralm10) [Debug] 1 [PackageName] WindowsEditor [ProjectName] Editor" joined alternative multi-casting on [225.0.0.222:34997]...

[Physics::Module] Initialized MultithreadedJobDispatcher with 31 workers.
Refreshing native plugins compatible for Editor in 18.04 ms, found 18 plugins.
Preloading 1 native plugins for Editor in 0.84 ms.
Initialize engine version: 2022.3.24f1 (334eb2a0b267)
[Subsystems] Discovering subsystems at path C:/Program Files/Unity/Hub/Editor/2022.3.24f1/Editor/Data/Resources/UnitySubsystems
[Subsystems] Discovering subsystems at path C:/Users/j2fxs/Documents/PDFv3/Assets
GfxDevice: creating device client; threaded=0; jobified=0
Direct3D:
    Version:  Direct3D 11.0 [level 11.1]
    Renderer: NVIDIA GeForce RTX 3070 (ID=0x2488)
    Vendor:   NVIDIA
    VRAM:     8032 MB
    Driver:   31.0.15.4633
Initialize mono
Mono path[0] = 'C:/Program Files/Unity/Hub/Editor/2022.3.24f1/Editor/Data/Managed'
Mono path[1] = 'C:/Program Files/Unity/Hub/Editor/2022.3.24f1/Editor/Data/MonoBleedingEdge/lib/mono/unityjit-win32'
Mono config path = 'C:/Program Files/Unity/Hub/Editor/2022.3.24f1/Editor/Data/MonoBleedingEdge/etc'
Using monoOptions --debugger-agent=transport=dt_socket,embedding=1,server=y,suspend=n,address=127.0.0.1:56536
Begin MonoManager ReloadAssembly
Registering precompiled unity dll's ...
Register platform support module: C:/Program Files/Unity/Hub/Editor/2022.3.24f1/Editor/Data/PlaybackEngines/WebGLSupport/UnityEditor.WebGL.Extensions.dll
Register platform support module: C:/Program Files/Unity/Hub/Editor/2022.3.24f1/Editor/Data/PlaybackEngines/AndroidPlayer/UnityEditor.Android.Extensions.dll
Register platform support module: C:/Program Files/Unity/Hub/Editor/2022.3.24f1/Editor/Data/PlaybackEngines/WindowsStandaloneSupport/UnityEditor.WindowsStandalone.Extensions.dll
Register platform support module: C:/Program Files/Unity/Hub/Editor/2022.3.24f1/Editor/Data/PlaybackEngines/MetroSupport/UnityEditor.UWP.Extensions.dll
Registered in 0.006037 seconds.
- Loaded All Assemblies, in  0.268 seconds
Native extension for UWP target not found
Native extension for WindowsStandalone target not found
Native extension for Android target not found
Android Extension - Scanning For ADB Devices 230 ms
Native extension for WebGL target not found
Mono: successfully reloaded assembly
- Finished resetting the current domain, in  0.472 seconds
Domain Reload Profiling: 740ms
	BeginReloadAssembly (80ms)
		ExecutionOrderSort (0ms)
		DisableScriptedObjects (0ms)
		BackupInstance (0ms)
		ReleaseScriptingObjects (0ms)
		CreateAndSetChildDomain (1ms)
	RebuildCommonClasses (23ms)
	RebuildNativeTypeToScriptingClass (10ms)
	initialDomainReloadingComplete (42ms)
	LoadAllAssembliesAndSetupDomain (113ms)
		LoadAssemblies (80ms)
		RebuildTransferFunctionScriptingTraits (0ms)
		AnalyzeDomain (111ms)
			TypeCache.Refresh (110ms)
				TypeCache.ScanAssembly (102ms)
			ScanForSourceGeneratedMonoScriptInfo (0ms)
			ResolveRequiredComponents (0ms)
	FinalizeReload (472ms)
		ReleaseScriptCaches (0ms)
		RebuildScriptCaches (0ms)
		SetupLoadedEditorAssemblies (432ms)
			LogAssemblyErrors (0ms)
			InitializePlatformSupportModulesInManaged (319ms)
			SetLoadedEditorAssemblies (5ms)
			RefreshPlugins (0ms)
			BeforeProcessingInitializeOnLoad (2ms)
			ProcessInitializeOnLoadAttributes (81ms)
			ProcessInitializeOnLoadMethodAttributes (27ms)
			AfterProcessingInitializeOnLoad (0ms)
			EditorAssembliesLoaded (0ms)
		ExecutionOrderSort2 (0ms)
		AwakeInstancesAfterBackupRestoration (0ms)
========================================================================
Worker process is ready to serve import requests
Begin MonoManager ReloadAssembly
- Loaded All Assemblies, in  0.537 seconds
Refreshing native plugins compatible for Editor in 11.69 ms, found 18 plugins.
Native extension for UWP target not found
Native extension for WindowsStandalone target not found
Native extension for Android target not found
Native extension for WebGL target not found
Package Manager log level set to [2]
[Package Manager] Server::EnsureServerProcessIsRunning -- launch failed, reason: Unity was launched with the -noUpm command-line argument
[Package Manager] UpmClient::Send -- Unable to send message (not connected to UPM process).
[Package Manager] Cannot connect to Unity Package Manager local server
[Package Manager] Server::EnsureServerProcessIsRunning -- launch failed, reason: Unity was launched with the -noUpm command-line argument
[Package Manager] UpmClient::Send -- Unable to send message (not connected to UPM process).
[Package Manager] Cannot connect to Unity Package Manager local server
Mono: successfully reloaded assembly
[Package Manager] Server::EnsureServerProcessIsRunning -- launch failed, reason: Unity was launched with the -noUpm command-line argument
[Package Manager] UpmClient::Send -- Unable to send message (not connected to UPM process).
[Package Manager] Cannot connect to Unity Package Manager local server
[Package Manager] Server::EnsureServerProcessIsRunning -- launch failed, reason: Unity was launched with the -noUpm command-line argument
[Package Manager] UpmClient::Send -- Unable to send message (not connected to UPM process).
[Package Manager] Cannot connect to Unity Package Manager local server
- Finished resetting the current domain, in  0.662 seconds
Domain Reload Profiling: 1197ms
	BeginReloadAssembly (102ms)
		ExecutionOrderSort (0ms)
		DisableScriptedObjects (3ms)
		BackupInstance (0ms)
		ReleaseScriptingObjects (0ms)
		CreateAndSetChildDomain (16ms)
	RebuildCommonClasses (20ms)
	RebuildNativeTypeToScriptingClass (7ms)
	initialDomainReloadingComplete (25ms)
	LoadAllAssembliesAndSetupDomain (380ms)
		LoadAssemblies (266ms)
		RebuildTransferFunctionScriptingTraits (0ms)
		AnalyzeDomain (174ms)
			TypeCache.Refresh (141ms)
				TypeCache.ScanAssembly (121ms)
			ScanForSourceGeneratedMonoScriptInfo (25ms)
			ResolveRequiredComponents (7ms)
	FinalizeReload (662ms)
		ReleaseScriptCaches (0ms)
		RebuildScriptCaches (0ms)
		SetupLoadedEditorAssemblies (515ms)
			LogAssemblyErrors (0ms)
			InitializePlatformSupportModulesInManaged (19ms)
			SetLoadedEditorAssemblies (5ms)
			RefreshPlugins (0ms)
			BeforeProcessingInitializeOnLoad (106ms)
			ProcessInitializeOnLoadAttributes (327ms)
			ProcessInitializeOnLoadMethodAttributes (55ms)
			AfterProcessingInitializeOnLoad (3ms)
			EditorAssembliesLoaded (0ms)
		ExecutionOrderSort2 (0ms)
		AwakeInstancesAfterBackupRestoration (4ms)
Launched and connected shader compiler UnityShaderCompiler.exe after 0.04 seconds
Refreshing native plugins compatible for Editor in 13.03 ms, found 18 plugins.
Preloading 1 native plugins for Editor in 0.04 ms.
Unloading 5564 Unused Serialized files (Serialized files now loaded: 0)
Unloading 122 unused Assets / (1.3 MB). Loaded Objects now: 6031.
Memory consumption went from 200.1 MB to 198.8 MB.
Total: 4.837800 ms (FindLiveObjects: 0.348300 ms CreateObjectMapping: 0.223400 ms MarkObjects: 3.411300 ms  DeleteObjects: 0.853900 ms)

AssetImportParameters requested are different than current active one (requested -> active):
  custom:container-demuxer-ogg: 62fdf1f143b41e24485cea50d1cbac27 -> 
  custom:video-codec-MediaFoundation-h265: 746d11721c4dcdbdad8f713fa42b33f4 -> 
  custom:video-decoder-ogg-theora: a1e56fd34408186e4bbccfd4996cb3dc -> 
  custom:framework-win-MediaFoundation: 216162199b28c13a410421893ffa2e32 -> 
  custom:CustomObjectIndexerAttribute: 9a22284fe3817be447336de3de66b15e -> 
  custom:container-demuxer-webm: 4f35f7cbe854078d1ac9338744f61a02 -> 
  custom:container-muxer-webm: aa71ff27fc2769a1b78a27578f13a17b -> 
  custom:video-decoder-webm-vp8: 9c59270c3fd7afecdb556c50c9e8de78 -> 
  custom:SearchIndexIgnoredProperties: e643bd26f0fe6173181afceb89e7c659 -> 
  custom:AudioImporter_EditorPlatform: d09bf68614088b80899f8185d706f6e7 -> 
  custom:video-encoder-webm-vp8: eb34c28f22e8b96e1ab97ce403110664 -> 
  custom:audio-decoder-ogg-vorbis: bf7c407c2cedff20999df2af8eb42d56 -> 
  custom:audio-encoder-webm-vorbis: bf7c407c2cedff20999df2af8eb42d56 -> 
========================================================================
Received Import Request.
  Time since last request: 504569.160778 seconds.
  path: Assets/XR/Loaders/SimulationLoader.asset
  artifactKey: Guid(2036e0e140a005d46bf1a5900e908331) Importer(2089858483,0ecaa5967403d082aa24f35e1b516d23)
Start importing Assets/XR/Loaders/SimulationLoader.asset using Guid(2036e0e140a005d46bf1a5900e908331) Importer(2089858483,0ecaa5967403d082aa24f35e1b516d23)  -> (artifact id: 'fea293a0684ff0ce1c5d25b76ade8083') in 0.064460 seconds
Number of updated asset objects reloaded before import = 0
Number of asset objects unloaded after import = 1
========================================================================
Received Import Request.
  Time since last request: 0.000013 seconds.
  path: Assets/XRI/Settings/XRInteractionEditorSettings.asset
  artifactKey: Guid(f632f6f2197e30548ba47f01e2fd251f) Importer(2089858483,0ecaa5967403d082aa24f35e1b516d23)
Start importing Assets/XRI/Settings/XRInteractionEditorSettings.asset using Guid(f632f6f2197e30548ba47f01e2fd251f) Importer(2089858483,0ecaa5967403d082aa24f35e1b516d23)  -> (artifact id: 'a7c483d8c9bc24afa2487efd298e9a81') in 0.016974 seconds
Number of updated asset objects reloaded before import = 0
Number of asset objects unloaded after import = 1
========================================================================
Received Import Request.
  Time since last request: 0.000016 seconds.
  path: Assets/XRI/Settings/Resources/XRDeviceSimulatorSettings.asset
  artifactKey: Guid(aa645b620e6aa2e46aadc2a07d7e22c5) Importer(2089858483,0ecaa5967403d082aa24f35e1b516d23)
Start importing Assets/XRI/Settings/Resources/XRDeviceSimulatorSettings.asset using Guid(aa645b620e6aa2e46aadc2a07d7e22c5) Importer(2089858483,0ecaa5967403d082aa24f35e1b516d23)  -> (artifact id: '59cf4cddedb638ec14932ef85d9bf06f') in 0.019853 seconds
Number of updated asset objects reloaded before import = 0
Number of asset objects unloaded after import = 1
========================================================================
Received Import Request.
  Time since last request: 0.000015 seconds.
  path: Assets/XR/UserSimulationSettings/Resources/XRSimulationPreferences.asset
  artifactKey: Guid(88e676ac338ed9c44b822c7d7be8231d) Importer(2089858483,0ecaa5967403d082aa24f35e1b516d23)
Start importing Assets/XR/UserSimulationSettings/Resources/XRSimulationPreferences.asset using Guid(88e676ac338ed9c44b822c7d7be8231d) Importer(2089858483,0ecaa5967403d082aa24f35e1b516d23)  -> (artifact id: '1d042eb878386477ce76dc1f4f7a7c8c') in 0.016049 seconds
Number of updated asset objects reloaded before import = 0
Number of asset objects unloaded after import = 39
========================================================================
Received Import Request.
  Time since last request: 42.150504 seconds.
  path: Assets/XR/UserSimulationSettings/SimulationEnvironmentAssetsManager.asset
  artifactKey: Guid(86558e2d8fa63334a8b44f1f654b0f1b) Importer(815301076,1909f56bfc062723c751e8b465ee728b)
Start importing Assets/XR/UserSimulationSettings/SimulationEnvironmentAssetsManager.asset using Guid(86558e2d8fa63334a8b44f1f654b0f1b) Importer(815301076,1909f56bfc062723c751e8b465ee728b)  -> (artifact id: 'aed686f9493b536bf0038fc3a3f3041a') in 0.007351 seconds
Number of updated asset objects reloaded before import = 0
Number of asset objects unloaded after import = 1
========================================================================
Received Import Request.
  Time since last request: 0.007674 seconds.
  path: Assets/XR/Settings/XRSimulationSettings.asset
  artifactKey: Guid(1f960f3d4ef319e4391714584cc6a0bd) Importer(815301076,1909f56bfc062723c751e8b465ee728b)
Start importing Assets/XR/Settings/XRSimulationSettings.asset using Guid(1f960f3d4ef319e4391714584cc6a0bd) Importer(815301076,1909f56bfc062723c751e8b465ee728b)  -> (artifact id: '89b0a72382b26da41954b3621d115d1a') in 0.001141 seconds
Number of updated asset objects reloaded before import = 0
Number of asset objects unloaded after import = 1
========================================================================
Received Import Request.
  Time since last request: 3.489050 seconds.
  path: Packages/org.mixedrealitytoolkit.standardassets/Textures/Logos/IconMRTKLogoWithText.png
  artifactKey: Guid(ea7e37796899fc4458715b31b9425c1e) Importer(815301076,1909f56bfc062723c751e8b465ee728b)
Start importing Packages/org.mixedrealitytoolkit.standardassets/Textures/Logos/IconMRTKLogoWithText.png using Guid(ea7e37796899fc4458715b31b9425c1e) Importer(815301076,1909f56bfc062723c751e8b465ee728b)  -> (artifact id: 'd57a6651c9a6b0200453e7435b98f6c6') in 0.076624 seconds
Number of updated asset objects reloaded before import = 0
Number of asset objects unloaded after import = 3
========================================================================
Received Import Request.
  Time since last request: 0.000014 seconds.
  path: Packages/org.mixedrealitytoolkit.standardassets/Materials/CompressedButtonMaterial/MRTK_Backplate_13mm_Gradient.mat
  artifactKey: Guid(f32fb793f8a4656469db1040ccf2cffb) Importer(815301076,1909f56bfc062723c751e8b465ee728b)
Start importing Packages/org.mixedrealitytoolkit.standardassets/Materials/CompressedButtonMaterial/MRTK_Backplate_13mm_Gradient.mat using Guid(f32fb793f8a4656469db1040ccf2cffb) Importer(815301076,1909f56bfc062723c751e8b465ee728b)  -> (artifact id: 'c640a16dab2107e58bf9bb2215135021') in 0.278126 seconds
Number of updated asset objects reloaded before import = 0
Number of asset objects unloaded after import = 2
========================================================================
Received Import Request.
  Time since last request: 0.000021 seconds.
  path: Packages/org.mixedrealitytoolkit.uxcore/MRTK.UXCore.asmdef
  artifactKey: Guid(9a9367d437335a947a847011f5575869) Importer(815301076,1909f56bfc062723c751e8b465ee728b)
Start importing Packages/org.mixedrealitytoolkit.uxcore/MRTK.UXCore.asmdef using Guid(9a9367d437335a947a847011f5575869) Importer(815301076,1909f56bfc062723c751e8b465ee728b)  -> (artifact id: 'd42abf65e6a1f633c829a509971dadff') in 0.000529 seconds
Number of updated asset objects reloaded before import = 0
Number of asset objects unloaded after import = 0
========================================================================
Received Import Request.
  Time since last request: 0.000054 seconds.
  path: Packages/org.mixedrealitytoolkit.tools/Tests/Editor/MRTK.Tools.EditorTests.asmdef
  artifactKey: Guid(fd44ed5dd500f0945beaac6aea63d901) Importer(815301076,1909f56bfc062723c751e8b465ee728b)
Start importing Packages/org.mixedrealitytoolkit.tools/Tests/Editor/MRTK.Tools.EditorTests.asmdef using Guid(fd44ed5dd500f0945beaac6aea63d901) Importer(815301076,1909f56bfc062723c751e8b465ee728b)  -> (artifact id: 'fc18d321cc7607a2faebdf334d264f27') in 0.000513 seconds
Number of updated asset objects reloaded before import = 0
Number of asset objects unloaded after import = 0
========================================================================
Received Import Request.
  Time since last request: 0.000064 seconds.
  path: Packages/org.mixedrealitytoolkit.standardassets/Materials/CompressedButtonMaterial/MRTK_Backplate_06mm_Gradient.mat
  artifactKey: Guid(ca0ca42927acfb54cb91904cb8bbb24c) Importer(815301076,1909f56bfc062723c751e8b465ee728b)
Start importing Packages/org.mixedrealitytoolkit.standardassets/Materials/CompressedButtonMaterial/MRTK_Backplate_06mm_Gradient.mat using Guid(ca0ca42927acfb54cb91904cb8bbb24c) Importer(815301076,1909f56bfc062723c751e8b465ee728b)  -> (artifact id: '105bcaebddfb4896ac16a0ee319fe02f') in 0.013393 seconds
Number of updated asset objects reloaded before import = 0
Number of asset objects unloaded after import = 2
========================================================================
Received Import Request.
  Time since last request: 0.000017 seconds.
  path: Packages/org.mixedrealitytoolkit.standardassets/Materials/CompressedButtonMaterial/MRTK_Backplate_10mm_Gradient_Circular.mat
  artifactKey: Guid(7176a17b48880904b8a311fd53c55e35) Importer(815301076,1909f56bfc062723c751e8b465ee728b)
Start importing Packages/org.mixedrealitytoolkit.standardassets/Materials/CompressedButtonMaterial/MRTK_Backplate_10mm_Gradient_Circular.mat using Guid(7176a17b48880904b8a311fd53c55e35) Importer(815301076,1909f56bfc062723c751e8b465ee728b)  -> (artifact id: '0c4259f0a823a8952eb227f2f05a0be2') in 0.012810 seconds
Number of updated asset objects reloaded before import = 0
Number of asset objects unloaded after import = 2
========================================================================
Received Import Request.
  Time since last request: 0.000013 seconds.
  path: Packages/org.mixedrealitytoolkit.standardassets/Materials/CompressedButtonMaterial/MRTK_Backplate_12mm_Gradient.mat
  artifactKey: Guid(337c6305e0165274582902976fb0141c) Importer(815301076,1909f56bfc062723c751e8b465ee728b)
Start importing Packages/org.mixedrealitytoolkit.standardassets/Materials/CompressedButtonMaterial/MRTK_Backplate_12mm_Gradient.mat using Guid(337c6305e0165274582902976fb0141c) Importer(815301076,1909f56bfc062723c751e8b465ee728b)  -> (artifact id: '4d435cf5c35d1b58afbdd23a92eae78f') in 0.012209 seconds
Number of updated asset objects reloaded before import = 0
Number of asset objects unloaded after import = 2
========================================================================
Received Import Request.
  Time since last request: 0.000013 seconds.
  path: Packages/org.mixedrealitytoolkit.input/Assets/Prefabs/MRTK RightHand Controller.prefab
  artifactKey: Guid(82333e6e543cb7e4dbd5b1d47aff3f58) Importer(815301076,1909f56bfc062723c751e8b465ee728b)
Start importing Packages/org.mixedrealitytoolkit.input/Assets/Prefabs/MRTK RightHand Controller.prefab using Guid(82333e6e543cb7e4dbd5b1d47aff3f58) Importer(815301076,1909f56bfc062723c751e8b465ee728b)  -> (artifact id: '22d0097cbff95efb24bdd1f3cf89fda0') in 0.068992 seconds
Number of updated asset objects reloaded before import = 0
Number of asset objects unloaded after import = 542
========================================================================
Received Import Request.
  Time since last request: 75.599591 seconds.
  path: Assets/MRTK.Generated/MRTKSettings.asset
  artifactKey: Guid(0ac3398314536e742b72f2abea3b904c) Importer(2089858483,0ecaa5967403d082aa24f35e1b516d23)
Start importing Assets/MRTK.Generated/MRTKSettings.asset using Guid(0ac3398314536e742b72f2abea3b904c) Importer(2089858483,0ecaa5967403d082aa24f35e1b516d23)  -> (artifact id: '79946d86bff736efbb5256ada7f8a093') in 0.020714 seconds
Number of updated asset objects reloaded before import = 0
Number of asset objects unloaded after import = 11
========================================================================
Received Prepare
Begin MonoManager ReloadAssembly
- Loaded All Assemblies, in  0.428 seconds
Refreshing native plugins compatible for Editor in 9.59 ms, found 18 plugins.
Native extension for UWP target not found
Native extension for WindowsStandalone target not found
Native extension for Android target not found
Native extension for WebGL target not found
[Package Manager] Server::EnsureServerProcessIsRunning -- launch failed, reason: Unity was launched with the -noUpm command-line argument
[Package Manager] UpmClient::Send -- Unable to send message (not connected to UPM process).
[Package Manager] Cannot connect to Unity Package Manager local server
[Package Manager] Server::EnsureServerProcessIsRunning -- launch failed, reason: Unity was launched with the -noUpm command-line argument
[Package Manager] UpmClient::Send -- Unable to send message (not connected to UPM process).
[Package Manager] Cannot connect to Unity Package Manager local server
Mono: successfully reloaded assembly
[Package Manager] Server::EnsureServerProcessIsRunning -- launch failed, reason: Unity was launched with the -noUpm command-line argument
[Package Manager] UpmClient::Send -- Unable to send message (not connected to UPM process).
[Package Manager] Cannot connect to Unity Package Manager local server
- Finished resetting the current domain, in  0.691 seconds
Domain Reload Profiling: 1116ms
	BeginReloadAssembly (115ms)
		ExecutionOrderSort (0ms)
		DisableScriptedObjects (3ms)
		BackupInstance (0ms)
		ReleaseScriptingObjects (0ms)
		CreateAndSetChildDomain (36ms)
	RebuildCommonClasses (19ms)
	RebuildNativeTypeToScriptingClass (8ms)
	initialDomainReloadingComplete (18ms)
	LoadAllAssembliesAndSetupDomain (265ms)
		LoadAssemblies (217ms)
		RebuildTransferFunctionScriptingTraits (0ms)
		AnalyzeDomain (97ms)
			TypeCache.Refresh (73ms)
				TypeCache.ScanAssembly (59ms)
			ScanForSourceGeneratedMonoScriptInfo (15ms)
			ResolveRequiredComponents (8ms)
	FinalizeReload (692ms)
		ReleaseScriptCaches (0ms)
		RebuildScriptCaches (0ms)
		SetupLoadedEditorAssemblies (394ms)
			LogAssemblyErrors (0ms)
			InitializePlatformSupportModulesInManaged (17ms)
			SetLoadedEditorAssemblies (4ms)
			RefreshPlugins (0ms)
			BeforeProcessingInitializeOnLoad (97ms)
			ProcessInitializeOnLoadAttributes (241ms)
			ProcessInitializeOnLoadMethodAttributes (32ms)
			AfterProcessingInitializeOnLoad (3ms)
			EditorAssembliesLoaded (0ms)
		ExecutionOrderSort2 (0ms)
		AwakeInstancesAfterBackupRestoration (5ms)
Refreshing native plugins compatible for Editor in 11.32 ms, found 18 plugins.
Preloading 1 native plugins for Editor in 0.03 ms.
Unloading 5497 Unused Serialized files (Serialized files now loaded: 0)
Unloading 93 unused Assets / (1.2 MB). Loaded Objects now: 6083.
Memory consumption went from 190.3 MB to 189.1 MB.
Total: 3.416000 ms (FindLiveObjects: 0.236200 ms CreateObjectMapping: 0.083900 ms MarkObjects: 2.456800 ms  DeleteObjects: 0.636700 ms)

Prepare: number of updated asset objects reloaded= 0
AssetImportParameters requested are different than current active one (requested -> active):
  custom:container-demuxer-ogg: 62fdf1f143b41e24485cea50d1cbac27 -> 
  custom:video-codec-MediaFoundation-h265: 746d11721c4dcdbdad8f713fa42b33f4 -> 
  custom:video-decoder-ogg-theora: a1e56fd34408186e4bbccfd4996cb3dc -> 
  custom:framework-win-MediaFoundation: 216162199b28c13a410421893ffa2e32 -> 
  custom:CustomObjectIndexerAttribute: 9a22284fe3817be447336de3de66b15e -> 
  custom:container-demuxer-webm: 4f35f7cbe854078d1ac9338744f61a02 -> 
  custom:container-muxer-webm: aa71ff27fc2769a1b78a27578f13a17b -> 
  custom:video-decoder-webm-vp8: 9c59270c3fd7afecdb556c50c9e8de78 -> 
  custom:SearchIndexIgnoredProperties: e643bd26f0fe6173181afceb89e7c659 -> 
  custom:AudioImporter_EditorPlatform: d09bf68614088b80899f8185d706f6e7 -> 
  custom:video-encoder-webm-vp8: eb34c28f22e8b96e1ab97ce403110664 -> 
  custom:audio-decoder-ogg-vorbis: bf7c407c2cedff20999df2af8eb42d56 -> 
  custom:audio-encoder-webm-vorbis: bf7c407c2cedff20999df2af8eb42d56 -> 
========================================================================
Received Import Request.
  Time since last request: 403.988377 seconds.
  path: Packages/com.unity.xr.arfoundation/Editor/Icons/d_XREnvironment@2x.png
  artifactKey: Guid(a2691ee365c36ea429319fe131fd85aa) Importer(815301076,1909f56bfc062723c751e8b465ee728b)
Start importing Packages/com.unity.xr.arfoundation/Editor/Icons/d_XREnvironment@2x.png using Guid(a2691ee365c36ea429319fe131fd85aa) Importer(815301076,1909f56bfc062723c751e8b465ee728b)  -> (artifact id: '1b4162bab3e497e414808b3eee312955') in 0.046191 seconds
Number of updated asset objects reloaded before import = 0
Number of asset objects unloaded after import = 2
========================================================================
Received Import Request.
  Time since last request: 0.000019 seconds.
  path: Packages/org.mixedrealitytoolkit.input/Visualizers/RiggedHandVisualizer/openxr_hand.fbx
  artifactKey: Guid(ba7d82c8230bba148a0448874cca05cd) Importer(815301076,1909f56bfc062723c751e8b465ee728b)
Start importing Packages/org.mixedrealitytoolkit.input/Visualizers/RiggedHandVisualizer/openxr_hand.fbx using Guid(ba7d82c8230bba148a0448874cca05cd) Importer(815301076,1909f56bfc062723c751e8b465ee728b)  -> (artifact id: '1c8931fe9badd01091c80613ce27b7d6') in 0.381236 seconds
Number of updated asset objects reloaded before import = 0
Number of asset objects unloaded after import = 69
Editor requested this worker to shutdown with reason: Scaling down because of idle timeout
TcpMessagingSession - receive error: operation aborted. errorcode: 995, details: The I/O operation has been aborted because of either a thread exit or an application request.
AssetImportWorker is now disconnected from the server
Process exiting
Exiting without the bug reporter. Application will terminate with return code 0