Using pre-set license
Built from '2022.3/staging' branch; Version is '2022.3.24f1 (334eb2a0b267) revision 3362482'; Using compiler version '192829333'; Build Type 'Release'
OS: 'Windows 11  (10.0.22631) 64bit ProfessionalEducation' Language: 'en' Physical Memory: 32418 MB
BatchMode: 1, IsHumanControllingUs: 0, StartBugReporterOnCrash: 0, Is64bit: 1, IsPro: 1

COMMAND LINE ARGUMENTS:
C:\Program Files\Unity\Hub\Editor\2022.3.24f1\Editor\Unity.exe
-adb2
-batchMode
-noUpm
-name
AssetImportWorker33
-projectPath
C:/Users/j2fxs/Documents/PDFv3
-logFile
Logs/AssetImportWorker33.log
-srvPort
61720
Successfully changed project path to: C:/Users/j2fxs/Documents/PDFv3
C:/Users/j2fxs/Documents/PDFv3
[UnityMemory] Configuration Parameters - Can be set up in boot.config
    "memorysetup-bucket-allocator-granularity=16"
    "memorysetup-bucket-allocator-bucket-count=8"
    "memorysetup-bucket-allocator-block-size=33554432"
    "memorysetup-bucket-allocator-block-count=8"
    "memorysetup-main-allocator-block-size=16777216"
    "memorysetup-thread-allocator-block-size=16777216"
    "memorysetup-gfx-main-allocator-block-size=16777216"
    "memorysetup-gfx-thread-allocator-block-size=16777216"
    "memorysetup-cache-allocator-block-size=4194304"
    "memorysetup-typetree-allocator-block-size=2097152"
    "memorysetup-profiler-bucket-allocator-granularity=16"
    "memorysetup-profiler-bucket-allocator-bucket-count=8"
    "memorysetup-profiler-bucket-allocator-block-size=33554432"
    "memorysetup-profiler-bucket-allocator-block-count=8"
    "memorysetup-profiler-allocator-block-size=16777216"
    "memorysetup-profiler-editor-allocator-block-size=1048576"
    "memorysetup-temp-allocator-size-main=16777216"
    "memorysetup-job-temp-allocator-block-size=2097152"
    "memorysetup-job-temp-allocator-block-size-background=1048576"
    "memorysetup-job-temp-allocator-reduction-small-platforms=262144"
    "memorysetup-allocator-temp-initial-block-size-main=262144"
    "memorysetup-allocator-temp-initial-block-size-worker=262144"
    "memorysetup-temp-allocator-size-background-worker=32768"
    "memorysetup-temp-allocator-size-job-worker=262144"
    "memorysetup-temp-allocator-size-preload-manager=33554432"
    "memorysetup-temp-allocator-size-nav-mesh-worker=65536"
    "memorysetup-temp-allocator-size-audio-worker=65536"
    "memorysetup-temp-allocator-size-cloud-worker=32768"
    "memorysetup-temp-allocator-size-gi-baking-worker=262144"
    "memorysetup-temp-allocator-size-gfx=262144"
Player connection [23244] Host "[IP] 131.202.243.6 [Port] 0 [Flags] 2 [Guid] 2391540208 [EditorId] 2391540208 [Version] 1048832 [Id] WindowsEditor(7,Spectralm10) [Debug] 1 [PackageName] WindowsEditor [ProjectName] Editor" joined multi-casting on [225.0.0.222:54997]...

Player connection [23244] Host "[IP] 131.202.243.6 [Port] 0 [Flags] 2 [Guid] 2391540208 [EditorId] 2391540208 [Version] 1048832 [Id] WindowsEditor(7,Spectralm10) [Debug] 1 [PackageName] WindowsEditor [ProjectName] Editor" joined alternative multi-casting on [225.0.0.222:34997]...

[Physics::Module] Initialized MultithreadedJobDispatcher with 31 workers.
Refreshing native plugins compatible for Editor in 1561.95 ms, found 18 plugins.
Preloading 1 native plugins for Editor in 1.21 ms.
Initialize engine version: 2022.3.24f1 (334eb2a0b267)
[Subsystems] Discovering subsystems at path C:/Program Files/Unity/Hub/Editor/2022.3.24f1/Editor/Data/Resources/UnitySubsystems
[Subsystems] Discovering subsystems at path C:/Users/j2fxs/Documents/PDFv3/Assets
GfxDevice: creating device client; threaded=0; jobified=0
Direct3D:
    Version:  Direct3D 11.0 [level 11.1]
    Renderer: NVIDIA GeForce RTX 3070 (ID=0x2488)
    Vendor:   NVIDIA
    VRAM:     8032 MB
    Driver:   31.0.15.4633
Initialize mono
Mono path[0] = 'C:/Program Files/Unity/Hub/Editor/2022.3.24f1/Editor/Data/Managed'
Mono path[1] = 'C:/Program Files/Unity/Hub/Editor/2022.3.24f1/Editor/Data/MonoBleedingEdge/lib/mono/unityjit-win32'
Mono config path = 'C:/Program Files/Unity/Hub/Editor/2022.3.24f1/Editor/Data/MonoBleedingEdge/etc'
Using monoOptions --debugger-agent=transport=dt_socket,embedding=1,server=y,suspend=n,address=127.0.0.1:56316
Begin MonoManager ReloadAssembly
Registering precompiled unity dll's ...
Register platform support module: C:/Program Files/Unity/Hub/Editor/2022.3.24f1/Editor/Data/PlaybackEngines/WebGLSupport/UnityEditor.WebGL.Extensions.dll
Register platform support module: C:/Program Files/Unity/Hub/Editor/2022.3.24f1/Editor/Data/PlaybackEngines/AndroidPlayer/UnityEditor.Android.Extensions.dll
Register platform support module: C:/Program Files/Unity/Hub/Editor/2022.3.24f1/Editor/Data/PlaybackEngines/WindowsStandaloneSupport/UnityEditor.WindowsStandalone.Extensions.dll
Register platform support module: C:/Program Files/Unity/Hub/Editor/2022.3.24f1/Editor/Data/PlaybackEngines/MetroSupport/UnityEditor.UWP.Extensions.dll
Registered in 0.516119 seconds.
- Loaded All Assemblies, in  5.740 seconds
Native extension for UWP target not found
Native extension for WindowsStandalone target not found
Native extension for Android target not found
Android Extension - Scanning For ADB Devices 329 ms
Native extension for WebGL target not found
Mono: successfully reloaded assembly
- Finished resetting the current domain, in  0.717 seconds
Domain Reload Profiling: 6456ms
	BeginReloadAssembly (3694ms)
		ExecutionOrderSort (0ms)
		DisableScriptedObjects (0ms)
		BackupInstance (0ms)
		ReleaseScriptingObjects (0ms)
		CreateAndSetChildDomain (0ms)
	RebuildCommonClasses (465ms)
	RebuildNativeTypeToScriptingClass (6ms)
	initialDomainReloadingComplete (550ms)
	LoadAllAssembliesAndSetupDomain (1024ms)
		LoadAssemblies (3696ms)
		RebuildTransferFunctionScriptingTraits (0ms)
		AnalyzeDomain (1019ms)
			TypeCache.Refresh (1018ms)
				TypeCache.ScanAssembly (810ms)
			ScanForSourceGeneratedMonoScriptInfo (0ms)
			ResolveRequiredComponents (0ms)
	FinalizeReload (717ms)
		ReleaseScriptCaches (0ms)
		RebuildScriptCaches (0ms)
		SetupLoadedEditorAssemblies (679ms)
			LogAssemblyErrors (0ms)
			InitializePlatformSupportModulesInManaged (530ms)
			SetLoadedEditorAssemblies (5ms)
			RefreshPlugins (0ms)
			BeforeProcessingInitializeOnLoad (3ms)
			ProcessInitializeOnLoadAttributes (102ms)
			ProcessInitializeOnLoadMethodAttributes (39ms)
			AfterProcessingInitializeOnLoad (0ms)
			EditorAssembliesLoaded (0ms)
		ExecutionOrderSort2 (0ms)
		AwakeInstancesAfterBackupRestoration (0ms)
========================================================================
Worker process is ready to serve import requests
Begin MonoManager ReloadAssembly
- Loaded All Assemblies, in  6.915 seconds
Refreshing native plugins compatible for Editor in 12.61 ms, found 18 plugins.
Native extension for UWP target not found
Native extension for WindowsStandalone target not found
Native extension for Android target not found
Native extension for WebGL target not found
Package Manager log level set to [2]
[Package Manager] Server::EnsureServerProcessIsRunning -- launch failed, reason: Unity was launched with the -noUpm command-line argument
[Package Manager] UpmClient::Send -- Unable to send message (not connected to UPM process).
[Package Manager] Cannot connect to Unity Package Manager local server
[Package Manager] Server::EnsureServerProcessIsRunning -- launch failed, reason: Unity was launched with the -noUpm command-line argument
[Package Manager] UpmClient::Send -- Unable to send message (not connected to UPM process).
[Package Manager] Cannot connect to Unity Package Manager local server
[XR] Error loading subsystem: Display (1) (header mismatch?)
[XR] [MROpenXR][Info   ][12:15:18.658304][tid:5acc] OnPluginStarted UnityVersion=2022.3.24f1 OpenXRPluginVersion=1.10.0 MROpenXRPluginVersion=1.10.0.0 PartA_PrivTags=33554432
[XR] [MROpenXR][Info   ][12:15:18.658304][tid:5acc] OnPluginStarted UnityVersion=2022.3.24f1 OpenXRPluginVersion=1.10.0 MROpenXRPluginVersion=1.10.0.0 PartA_PrivTags=33554432
Mono: successfully reloaded assembly
[Package Manager] Server::EnsureServerProcessIsRunning -- launch failed, reason: Unity was launched with the -noUpm command-line argument
[Package Manager] UpmClient::Send -- Unable to send message (not connected to UPM process).
[Package Manager] Cannot connect to Unity Package Manager local server
[Package Manager] Server::EnsureServerProcessIsRunning -- launch failed, reason: Unity was launched with the -noUpm command-line argument
[Package Manager] UpmClient::Send -- Unable to send message (not connected to UPM process).
[Package Manager] Cannot connect to Unity Package Manager local server
- Finished resetting the current domain, in  0.720 seconds
Domain Reload Profiling: 7634ms
	BeginReloadAssembly (99ms)
		ExecutionOrderSort (0ms)
		DisableScriptedObjects (3ms)
		BackupInstance (0ms)
		ReleaseScriptingObjects (0ms)
		CreateAndSetChildDomain (16ms)
	RebuildCommonClasses (22ms)
	RebuildNativeTypeToScriptingClass (11ms)
	initialDomainReloadingComplete (32ms)
	LoadAllAssembliesAndSetupDomain (6749ms)
		LoadAssemblies (6251ms)
		RebuildTransferFunctionScriptingTraits (0ms)
		AnalyzeDomain (556ms)
			TypeCache.Refresh (517ms)
				TypeCache.ScanAssembly (458ms)
			ScanForSourceGeneratedMonoScriptInfo (25ms)
			ResolveRequiredComponents (13ms)
	FinalizeReload (720ms)
		ReleaseScriptCaches (0ms)
		RebuildScriptCaches (0ms)
		SetupLoadedEditorAssemblies (557ms)
			LogAssemblyErrors (0ms)
			InitializePlatformSupportModulesInManaged (16ms)
			SetLoadedEditorAssemblies (3ms)
			RefreshPlugins (0ms)
			BeforeProcessingInitializeOnLoad (129ms)
			ProcessInitializeOnLoadAttributes (341ms)
			ProcessInitializeOnLoadMethodAttributes (62ms)
			AfterProcessingInitializeOnLoad (6ms)
			EditorAssembliesLoaded (0ms)
		ExecutionOrderSort2 (0ms)
		AwakeInstancesAfterBackupRestoration (4ms)
Launched and connected shader compiler UnityShaderCompiler.exe after 0.08 seconds
Refreshing native plugins compatible for Editor in 12.25 ms, found 18 plugins.
Preloading 1 native plugins for Editor in 0.03 ms.
Unloading 5613 Unused Serialized files (Serialized files now loaded: 0)
Unloading 122 unused Assets / (1.4 MB). Loaded Objects now: 6088.
Memory consumption went from 204.8 MB to 203.5 MB.
Total: 3.812300 ms (FindLiveObjects: 0.271100 ms CreateObjectMapping: 0.093900 ms MarkObjects: 2.904300 ms  DeleteObjects: 0.542300 ms)

AssetImportParameters requested are different than current active one (requested -> active):
  custom:container-demuxer-ogg: 62fdf1f143b41e24485cea50d1cbac27 -> 
  custom:video-codec-MediaFoundation-h265: 746d11721c4dcdbdad8f713fa42b33f4 -> 
  custom:video-decoder-ogg-theora: a1e56fd34408186e4bbccfd4996cb3dc -> 
  custom:framework-win-MediaFoundation: 216162199b28c13a410421893ffa2e32 -> 
  custom:CustomObjectIndexerAttribute: 9a22284fe3817be447336de3de66b15e -> 
  custom:container-demuxer-webm: 4f35f7cbe854078d1ac9338744f61a02 -> 
  custom:container-muxer-webm: aa71ff27fc2769a1b78a27578f13a17b -> 
  custom:video-decoder-webm-vp8: 9c59270c3fd7afecdb556c50c9e8de78 -> 
  custom:SearchIndexIgnoredProperties: e643bd26f0fe6173181afceb89e7c659 -> 
  custom:AudioImporter_EditorPlatform: d09bf68614088b80899f8185d706f6e7 -> 
  custom:video-encoder-webm-vp8: eb34c28f22e8b96e1ab97ce403110664 -> 
  custom:audio-decoder-ogg-vorbis: bf7c407c2cedff20999df2af8eb42d56 -> 
  custom:audio-encoder-webm-vorbis: bf7c407c2cedff20999df2af8eb42d56 -> 
========================================================================
Received Import Request.
  Time since last request: 582541.434559 seconds.
  path: Assets/BookPages/p_1.png
  artifactKey: Guid(f7310c58eeeecb94d892c9d5b8b2a047) Importer(815301076,1909f56bfc062723c751e8b465ee728b)
Start importing Assets/BookPages/p_1.png using Guid(f7310c58eeeecb94d892c9d5b8b2a047) Importer(815301076,1909f56bfc062723c751e8b465ee728b)  -> (artifact id: '528d9a4b30dd6d77e026e87cad0044d8') in 0.122549 seconds
Number of updated asset objects reloaded before import = 0
Number of asset objects unloaded after import = 2
========================================================================
Received Import Request.
  Time since last request: 0.000017 seconds.
  path: Assets/BookPages/p_14.png
  artifactKey: Guid(027421bd7f9a74846a7f797e990dca70) Importer(815301076,1909f56bfc062723c751e8b465ee728b)
Start importing Assets/BookPages/p_14.png using Guid(027421bd7f9a74846a7f797e990dca70) Importer(815301076,1909f56bfc062723c751e8b465ee728b)  -> (artifact id: '680c3e20516d1807551c3d8ec9f25b74') in 0.013973 seconds
Number of updated asset objects reloaded before import = 0
Number of asset objects unloaded after import = 2
========================================================================
Received Import Request.
  Time since last request: 0.000017 seconds.
  path: Assets/BookPages/p_16.png
  artifactKey: Guid(cab3e2716c744e444b83b5c6552a1a81) Importer(815301076,1909f56bfc062723c751e8b465ee728b)
Start importing Assets/BookPages/p_16.png using Guid(cab3e2716c744e444b83b5c6552a1a81) Importer(815301076,1909f56bfc062723c751e8b465ee728b)  -> (artifact id: 'ec6e7e476b5920782c72106c4edaf173') in 0.009008 seconds
Number of updated asset objects reloaded before import = 0
Number of asset objects unloaded after import = 2
========================================================================
Received Import Request.
  Time since last request: 0.000089 seconds.
  path: Assets/BookPages/p_18.png
  artifactKey: Guid(99e9dbcf64676f24f98aa0dea4be8664) Importer(815301076,1909f56bfc062723c751e8b465ee728b)
Start importing Assets/BookPages/p_18.png using Guid(99e9dbcf64676f24f98aa0dea4be8664) Importer(815301076,1909f56bfc062723c751e8b465ee728b)  -> (artifact id: 'b940acd1b287d31ded52c4417bae6c86') in 0.010690 seconds
Number of updated asset objects reloaded before import = 0
Number of asset objects unloaded after import = 2
========================================================================
Received Import Request.
  Time since last request: 0.000014 seconds.
  path: Assets/BookPages/p_6.png
  artifactKey: Guid(f0c69bf29ab7a7e44b0027d3775e8635) Importer(815301076,1909f56bfc062723c751e8b465ee728b)
Start importing Assets/BookPages/p_6.png using Guid(f0c69bf29ab7a7e44b0027d3775e8635) Importer(815301076,1909f56bfc062723c751e8b465ee728b)  -> (artifact id: '9fce4caaa63f1c24dabd37a3ddf9129a') in 0.009846 seconds
Number of updated asset objects reloaded before import = 0
Number of asset objects unloaded after import = 2
========================================================================
Received Import Request.
  Time since last request: 0.000024 seconds.
  path: Assets/BookPages/p_3.png
  artifactKey: Guid(6c4ba2757a9f69e4cab41d31d3d30fb8) Importer(815301076,1909f56bfc062723c751e8b465ee728b)
Start importing Assets/BookPages/p_3.png using Guid(6c4ba2757a9f69e4cab41d31d3d30fb8) Importer(815301076,1909f56bfc062723c751e8b465ee728b)  -> (artifact id: '632301fc9a5c41334315f3083845eceb') in 0.009098 seconds
Number of updated asset objects reloaded before import = 0
Number of asset objects unloaded after import = 2
========================================================================
Received Import Request.
  Time since last request: 0.000024 seconds.
  path: Assets/BookPages/p_13.png
  artifactKey: Guid(22c2eed89ae86ea4c832feb258148c15) Importer(815301076,1909f56bfc062723c751e8b465ee728b)
Start importing Assets/BookPages/p_13.png using Guid(22c2eed89ae86ea4c832feb258148c15) Importer(815301076,1909f56bfc062723c751e8b465ee728b)  -> (artifact id: '65688f535fe96b8c9371006f6372ba0a') in 0.009653 seconds
Number of updated asset objects reloaded before import = 0
Number of asset objects unloaded after import = 2
========================================================================
Received Import Request.
  Time since last request: 0.000010 seconds.
  path: Assets/BookPages/p_11.png
  artifactKey: Guid(f78c91f3ea8734840876ba98ed43d2ab) Importer(815301076,1909f56bfc062723c751e8b465ee728b)
Start importing Assets/BookPages/p_11.png using Guid(f78c91f3ea8734840876ba98ed43d2ab) Importer(815301076,1909f56bfc062723c751e8b465ee728b)  -> (artifact id: '5c9639a1917f417c797c142dfc5ef4f4') in 0.011020 seconds
Number of updated asset objects reloaded before import = 0
Number of asset objects unloaded after import = 2
========================================================================
Received Import Request.
  Time since last request: 0.000022 seconds.
  path: Assets/BookPages/p_4.png
  artifactKey: Guid(0073fd11ef0c3514387ba82d0bb5abe7) Importer(815301076,1909f56bfc062723c751e8b465ee728b)
Start importing Assets/BookPages/p_4.png using Guid(0073fd11ef0c3514387ba82d0bb5abe7) Importer(815301076,1909f56bfc062723c751e8b465ee728b)  -> (artifact id: '8713b5a22dd0494eca330e5209608975') in 0.010691 seconds
Number of updated asset objects reloaded before import = 0
Number of asset objects unloaded after import = 2
========================================================================
Received Import Request.
  Time since last request: 0.000015 seconds.
  path: Assets/BookPages/p_9.png
  artifactKey: Guid(a0776e5990218a3468d2b9c7cdb57300) Importer(815301076,1909f56bfc062723c751e8b465ee728b)
Start importing Assets/BookPages/p_9.png using Guid(a0776e5990218a3468d2b9c7cdb57300) Importer(815301076,1909f56bfc062723c751e8b465ee728b)  -> (artifact id: '5f7d584ce8f9f7276677e4e81eb485c4') in 0.011818 seconds
Number of updated asset objects reloaded before import = 0
Number of asset objects unloaded after import = 2
========================================================================
Received Import Request.
  Time since last request: 0.000016 seconds.
  path: Assets/BookPages/p_12.png
  artifactKey: Guid(f92d584b09032874f8b392adcd12e7f0) Importer(815301076,1909f56bfc062723c751e8b465ee728b)
Start importing Assets/BookPages/p_12.png using Guid(f92d584b09032874f8b392adcd12e7f0) Importer(815301076,1909f56bfc062723c751e8b465ee728b)  -> (artifact id: 'f471fe76d8d8208f77b1257c0e9b83f1') in 0.014716 seconds
Number of updated asset objects reloaded before import = 0
Number of asset objects unloaded after import = 2
========================================================================
Received Import Request.
  Time since last request: 51.521282 seconds.
  path: Assets/BookPages/p_3.png
  artifactKey: Guid(6c4ba2757a9f69e4cab41d31d3d30fb8) Importer(815301076,1909f56bfc062723c751e8b465ee728b)
Start importing Assets/BookPages/p_3.png using Guid(6c4ba2757a9f69e4cab41d31d3d30fb8) Importer(815301076,1909f56bfc062723c751e8b465ee728b)  -> (artifact id: 'fef1a66d230970d666e0aad61d0046a0') in 0.097753 seconds
Number of updated asset objects reloaded before import = 0
Number of asset objects unloaded after import = 3
========================================================================
Received Import Request.
  Time since last request: 0.000024 seconds.
  path: Assets/BookPages/p_16.png
  artifactKey: Guid(cab3e2716c744e444b83b5c6552a1a81) Importer(815301076,1909f56bfc062723c751e8b465ee728b)
Start importing Assets/BookPages/p_16.png using Guid(cab3e2716c744e444b83b5c6552a1a81) Importer(815301076,1909f56bfc062723c751e8b465ee728b)  -> (artifact id: '814f2c7827f83706bfc2ced01640a00f') in 0.022655 seconds
Number of updated asset objects reloaded before import = 0
Number of asset objects unloaded after import = 3
========================================================================
Received Import Request.
  Time since last request: 0.000022 seconds.
  path: Assets/BookPages/p_15.png
  artifactKey: Guid(c7acf765a1421124d81be90e072ff930) Importer(815301076,1909f56bfc062723c751e8b465ee728b)
Start importing Assets/BookPages/p_15.png using Guid(c7acf765a1421124d81be90e072ff930) Importer(815301076,1909f56bfc062723c751e8b465ee728b)  -> (artifact id: '7fd7dc8438fe0f346d5e9b57cf6ce6cd') in 0.019450 seconds
Number of updated asset objects reloaded before import = 0
Number of asset objects unloaded after import = 3
Editor requested this worker to shutdown with reason: Scaling down because of idle timeout
TcpMessagingSession - receive error: operation aborted. errorcode: 995, details: The I/O operation has been aborted because of either a thread exit or an application request.
AssetImportWorker is now disconnected from the server
Process exiting
Exiting without the bug reporter. Application will terminate with return code 0